# JRE version: Java(TM) SE Runtime Environment (13.0.2+8) (build 13.0.2+8)
# Java VM: Java HotSpot(TM) 64-Bit Server VM (13.0.2+8, mixed mode, sharing, tiered, compressed oops, g1 gc, windows-amd64)
Heap:
 garbage-first heap   total 36864K, used 20438K [0x0000000702600000, 0x0000000800000000)
  region size 1024K, 11 young (11264K), 2 survivors (2048K)
 Metaspace       used 11080K, capacity 13646K, committed 13952K, reserved 1060864K
  class space    used 1249K, capacity 1593K, committed 1664K, reserved 1048576K
GC Heap History (20 events):
Event: 0.746 GC heap before
{Heap before GC invocations=10 (full 0):
 garbage-first heap   total 14336K, used 6668K [0x0000000702600000, 0x0000000800000000)
  region size 1024K, 3 young (3072K), 1 survivors (1024K)
 Metaspace       used 8921K, capacity 11653K, committed 11904K, reserved 1060864K
  class space    used 1055K, capacity 1385K, committed 1408K, reserved 1048576K
}
Event: 0.748 GC heap after
{Heap after GC invocations=11 (full 0):
 garbage-first heap   total 14336K, used 4950K [0x0000000702600000, 0x0000000800000000)
  region size 1024K, 1 young (1024K), 1 survivors (1024K)
 Metaspace       used 8921K, capacity 11653K, committed 11904K, reserved 1060864K
  class space    used 1055K, capacity 1385K, committed 1408K, reserved 1048576K
}
Event: 0.760 GC heap before
{Heap before GC invocations=11 (full 0):
 garbage-first heap   total 14336K, used 6998K [0x0000000702600000, 0x0000000800000000)
  region size 1024K, 3 young (3072K), 1 survivors (1024K)
 Metaspace       used 8943K, capacity 11656K, committed 11904K, reserved 1060864K
  class space    used 1055K, capacity 1385K, committed 1408K, reserved 1048576K
}
Event: 0.763 GC heap after
{Heap after GC invocations=12 (full 0):
 garbage-first heap   total 14336K, used 5322K [0x0000000702600000, 0x0000000800000000)
  region size 1024K, 1 young (1024K), 1 survivors (1024K)
 Metaspace       used 8943K, capacity 11656K, committed 11904K, reserved 1060864K
  class space    used 1055K, capacity 1385K, committed 1408K, reserved 1048576K
}
Event: 0.774 GC heap before
{Heap before GC invocations=12 (full 0):
 garbage-first heap   total 14336K, used 7370K [0x0000000702600000, 0x0000000800000000)
  region size 1024K, 3 young (3072K), 1 survivors (1024K)
 Metaspace       used 8951K, capacity 11656K, committed 11904K, reserved 1060864K
  class space    used 1055K, capacity 1385K, committed 1408K, reserved 1048576K
}
Event: 0.776 GC heap after
{Heap after GC invocations=13 (full 0):
 garbage-first heap   total 14336K, used 5546K [0x0000000702600000, 0x0000000800000000)
  region size 1024K, 1 young (1024K), 1 survivors (1024K)
 Metaspace       used 8951K, capacity 11656K, committed 11904K, reserved 1060864K
  class space    used 1055K, capacity 1385K, committed 1408K, reserved 1048576K
}
Event: 0.790 GC heap before
{Heap before GC invocations=13 (full 0):
 garbage-first heap   total 14336K, used 7594K [0x0000000702600000, 0x0000000800000000)
  region size 1024K, 3 young (3072K), 1 survivors (1024K)
 Metaspace       used 8963K, capacity 11659K, committed 11904K, reserved 1060864K
  class space    used 1056K, capacity 1386K, committed 1408K, reserved 1048576K
}
Event: 0.791 GC heap after
{Heap after GC invocations=14 (full 0):
 garbage-first heap   total 18432K, used 5963K [0x0000000702600000, 0x0000000800000000)
  region size 1024K, 1 young (1024K), 1 survivors (1024K)
 Metaspace       used 8963K, capacity 11659K, committed 11904K, reserved 1060864K
  class space    used 1056K, capacity 1386K, committed 1408K, reserved 1048576K
}
Event: 0.810 GC heap before
{Heap before GC invocations=14 (full 0):
 garbage-first heap   total 18432K, used 10059K [0x0000000702600000, 0x0000000800000000)
  region size 1024K, 5 young (5120K), 1 survivors (1024K)
 Metaspace       used 8983K, capacity 11724K, committed 11904K, reserved 1060864K
  class space    used 1056K, capacity 1386K, committed 1408K, reserved 1048576K
}
Event: 0.814 GC heap after
{Heap after GC invocations=15 (full 0):
 garbage-first heap   total 18432K, used 6487K [0x0000000702600000, 0x0000000800000000)
  region size 1024K, 1 young (1024K), 1 survivors (1024K)
 Metaspace       used 8983K, capacity 11724K, committed 11904K, reserved 1060864K
  class space    used 1056K, capacity 1386K, committed 1408K, reserved 1048576K
}
Event: 0.842 GC heap before
{Heap before GC invocations=15 (full 0):
 garbage-first heap   total 18432K, used 8535K [0x0000000702600000, 0x0000000800000000)
  region size 1024K, 4 young (4096K), 1 survivors (1024K)
 Metaspace       used 9048K, capacity 11740K, committed 11904K, reserved 1060864K
  class space    used 1062K, capacity 1391K, committed 1408K, reserved 1048576K
}
Event: 0.846 GC heap after
{Heap after GC invocations=16 (full 0):
 garbage-first heap   total 18432K, used 7615K [0x0000000702600000, 0x0000000800000000)
  region size 1024K, 1 young (1024K), 1 survivors (1024K)
 Metaspace       used 9048K, capacity 11740K, committed 11904K, reserved 1060864K
  class space    used 1062K, capacity 1391K, committed 1408K, reserved 1048576K
}
Event: 0.874 GC heap before
{Heap before GC invocations=16 (full 0):
 garbage-first heap   total 18432K, used 10687K [0x0000000702600000, 0x0000000800000000)
  region size 1024K, 4 young (4096K), 1 survivors (1024K)
 Metaspace       used 9109K, capacity 11826K, committed 11904K, reserved 1060864K
  class space    used 1066K, capacity 1398K, committed 1408K, reserved 1048576K
}
Event: 0.877 GC heap after
{Heap after GC invocations=17 (full 0):
 garbage-first heap   total 18432K, used 8411K [0x0000000702600000, 0x0000000800000000)
  region size 1024K, 1 young (1024K), 1 survivors (1024K)
 Metaspace       used 9109K, capacity 11826K, committed 11904K, reserved 1060864K
  class space    used 1066K, capacity 1398K, committed 1408K, reserved 1048576K
}
Event: 0.882 GC heap before
{Heap before GC invocations=17 (full 0):
 garbage-first heap   total 18432K, used 11483K [0x0000000702600000, 0x0000000800000000)
  region size 1024K, 4 young (4096K), 1 survivors (1024K)
 Metaspace       used 9109K, capacity 11826K, committed 11904K, reserved 1060864K
  class space    used 1066K, capacity 1398K, committed 1408K, reserved 1048576K
}
Event: 0.886 GC heap after
{Heap after GC invocations=18 (full 0):
 garbage-first heap   total 36864K, used 8696K [0x0000000702600000, 0x0000000800000000)
  region size 1024K, 1 young (1024K), 1 survivors (1024K)
 Metaspace       used 9109K, capacity 11826K, committed 11904K, reserved 1060864K
  class space    used 1066K, capacity 1398K, committed 1408K, reserved 1048576K
}
Event: 1.046 GC heap before
{Heap before GC invocations=18 (full 0):
 garbage-first heap   total 36864K, used 17912K [0x0000000702600000, 0x0000000800000000)
  region size 1024K, 9 young (9216K), 1 survivors (1024K)
 Metaspace       used 9982K, capacity 12583K, committed 12800K, reserved 1060864K
  class space    used 1175K, capacity 1501K, committed 1536K, reserved 1048576K
}
Event: 1.051 GC heap after
{Heap after GC invocations=19 (full 0):
 garbage-first heap   total 36864K, used 11022K [0x0000000702600000, 0x0000000800000000)
  region size 1024K, 2 young (2048K), 2 survivors (2048K)
 Metaspace       used 9982K, capacity 12583K, committed 12800K, reserved 1060864K
  class space    used 1175K, capacity 1501K, committed 1536K, reserved 1048576K
}
Event: 1.302 GC heap before
{Heap before GC invocations=19 (full 0):
 garbage-first heap   total 36864K, used 21262K [0x0000000702600000, 0x0000000800000000)
  region size 1024K, 12 young (12288K), 2 survivors (2048K)
 Metaspace       used 10917K, capacity 13504K, committed 13696K, reserved 1060864K
  class space    used 1243K, capacity 1589K, committed 1664K, reserved 1048576K
}
Event: 1.309 GC heap after
{Heap after GC invocations=20 (full 0):
 garbage-first heap   total 36864K, used 12246K [0x0000000702600000, 0x0000000800000000)
  region size 1024K, 2 young (2048K), 2 survivors (2048K)
 Metaspace       used 10917K, capacity 13504K, committed 13696K, reserved 1060864K
  class space    used 1243K, capacity 1589K, committed 1664K, reserved 1048576K
}

