# JRE version: Java(TM) SE Runtime Environment (13.0.2+8) (build 13.0.2+8)
# Java VM: Java HotSpot(TM) 64-Bit Server VM (13.0.2+8, mixed mode, sharing, tiered, compressed oops, g1 gc, windows-amd64)
Heap:
 garbage-first heap   total 83968K, used 14198K [0x0000000702600000, 0x0000000800000000)
  region size 1024K, 1 young (1024K), 1 survivors (1024K)
 Metaspace       used 11656K, capacity 13875K, committed 13952K, reserved 1060864K
  class space    used 1293K, capacity 1603K, committed 1664K, reserved 1048576K
GC Heap History (20 events):
Event: 0.642 GC heap after
{Heap after GC invocations=12 (full 0):
 garbage-first heap   total 15360K, used 5362K [0x0000000702600000, 0x0000000800000000)
  region size 1024K, 1 young (1024K), 1 survivors (1024K)
 Metaspace       used 9104K, capacity 11579K, committed 11648K, reserved 1058816K
  class space    used 1074K, capacity 1381K, committed 1408K, reserved 1048576K
}
Event: 0.652 GC heap before
{Heap before GC invocations=12 (full 0):
 garbage-first heap   total 15360K, used 8434K [0x0000000702600000, 0x0000000800000000)
  region size 1024K, 4 young (4096K), 1 survivors (1024K)
 Metaspace       used 9110K, capacity 11580K, committed 11648K, reserved 1058816K
  class space    used 1074K, capacity 1381K, committed 1408K, reserved 1048576K
}
Event: 0.654 GC heap after
{Heap after GC invocations=13 (full 0):
 garbage-first heap   total 15360K, used 5660K [0x0000000702600000, 0x0000000800000000)
  region size 1024K, 1 young (1024K), 1 survivors (1024K)
 Metaspace       used 9110K, capacity 11580K, committed 11648K, reserved 1058816K
  class space    used 1074K, capacity 1381K, committed 1408K, reserved 1048576K
}
Event: 0.680 GC heap before
{Heap before GC invocations=13 (full 0):
 garbage-first heap   total 15360K, used 8732K [0x0000000702600000, 0x0000000800000000)
  region size 1024K, 4 young (4096K), 1 survivors (1024K)
 Metaspace       used 9246K, capacity 11664K, committed 11904K, reserved 1060864K
  class space    used 1088K, capacity 1388K, committed 1408K, reserved 1048576K
}
Event: 0.682 GC heap after
{Heap after GC invocations=14 (full 0):
 garbage-first heap   total 21504K, used 6139K [0x0000000702600000, 0x0000000800000000)
  region size 1024K, 1 young (1024K), 1 survivors (1024K)
 Metaspace       used 9246K, capacity 11664K, committed 11904K, reserved 1060864K
  class space    used 1088K, capacity 1388K, committed 1408K, reserved 1048576K
}
Event: 0.704 GC heap before
{Heap before GC invocations=14 (full 0):
 garbage-first heap   total 21504K, used 10235K [0x0000000702600000, 0x0000000800000000)
  region size 1024K, 5 young (5120K), 1 survivors (1024K)
 Metaspace       used 9268K, capacity 11664K, committed 11904K, reserved 1060864K
  class space    used 1088K, capacity 1388K, committed 1408K, reserved 1048576K
}
Event: 0.707 GC heap after
{Heap after GC invocations=15 (full 0):
 garbage-first heap   total 21504K, used 6888K [0x0000000702600000, 0x0000000800000000)
  region size 1024K, 1 young (1024K), 1 survivors (1024K)
 Metaspace       used 9268K, capacity 11664K, committed 11904K, reserved 1060864K
  class space    used 1088K, capacity 1388K, committed 1408K, reserved 1048576K
}
Event: 0.730 GC heap before
{Heap before GC invocations=15 (full 0):
 garbage-first heap   total 21504K, used 9960K [0x0000000702600000, 0x0000000800000000)
  region size 1024K, 5 young (5120K), 1 survivors (1024K)
 Metaspace       used 9314K, capacity 11749K, committed 11904K, reserved 1060864K
  class space    used 1094K, capacity 1394K, committed 1408K, reserved 1048576K
}
Event: 0.732 GC heap after
{Heap after GC invocations=16 (full 0):
 garbage-first heap   total 21504K, used 7786K [0x0000000702600000, 0x0000000800000000)
  region size 1024K, 1 young (1024K), 1 survivors (1024K)
 Metaspace       used 9314K, capacity 11749K, committed 11904K, reserved 1060864K
  class space    used 1094K, capacity 1394K, committed 1408K, reserved 1048576K
}
Event: 0.761 GC heap before
{Heap before GC invocations=16 (full 0):
 garbage-first heap   total 21504K, used 10858K [0x0000000702600000, 0x0000000800000000)
  region size 1024K, 5 young (5120K), 1 survivors (1024K)
 Metaspace       used 9390K, capacity 11830K, committed 11904K, reserved 1060864K
  class space    used 1099K, capacity 1400K, committed 1408K, reserved 1048576K
}
Event: 0.765 GC heap after
{Heap after GC invocations=17 (full 0):
 garbage-first heap   total 21504K, used 8817K [0x0000000702600000, 0x0000000800000000)
  region size 1024K, 1 young (1024K), 1 survivors (1024K)
 Metaspace       used 9390K, capacity 11830K, committed 11904K, reserved 1060864K
  class space    used 1099K, capacity 1400K, committed 1408K, reserved 1048576K
}
Event: 0.805 GC heap before
{Heap before GC invocations=17 (full 0):
 garbage-first heap   total 21504K, used 12913K [0x0000000702600000, 0x0000000800000000)
  region size 1024K, 5 young (5120K), 1 survivors (1024K)
 Metaspace       used 9474K, capacity 11910K, committed 12160K, reserved 1060864K
  class space    used 1101K, capacity 1405K, committed 1408K, reserved 1048576K
}
Event: 0.809 GC heap after
{Heap after GC invocations=18 (full 0):
 garbage-first heap   total 41984K, used 9700K [0x0000000702600000, 0x0000000800000000)
  region size 1024K, 1 young (1024K), 1 survivors (1024K)
 Metaspace       used 9474K, capacity 11910K, committed 12160K, reserved 1060864K
  class space    used 1101K, capacity 1405K, committed 1408K, reserved 1048576K
}
Event: 1.005 GC heap before
{Heap before GC invocations=18 (full 0):
 garbage-first heap   total 41984K, used 19940K [0x0000000702600000, 0x0000000800000000)
  region size 1024K, 10 young (10240K), 1 survivors (1024K)
 Metaspace       used 10499K, capacity 12805K, committed 13056K, reserved 1060864K
  class space    used 1210K, capacity 1509K, committed 1536K, reserved 1048576K
}
Event: 1.011 GC heap after
{Heap after GC invocations=19 (full 0):
 garbage-first heap   total 41984K, used 11969K [0x0000000702600000, 0x0000000800000000)
  region size 1024K, 2 young (2048K), 2 survivors (2048K)
 Metaspace       used 10499K, capacity 12805K, committed 13056K, reserved 1060864K
  class space    used 1210K, capacity 1509K, committed 1536K, reserved 1048576K
}
Event: 1.206 GC heap before
{Heap before GC invocations=19 (full 0):
 garbage-first heap   total 41984K, used 23233K [0x0000000702600000, 0x0000000800000000)
  region size 1024K, 13 young (13312K), 2 survivors (2048K)
 Metaspace       used 11345K, capacity 13600K, committed 13696K, reserved 1060864K
  class space    used 1287K, capacity 1601K, committed 1664K, reserved 1048576K
}
Event: 1.213 GC heap after
{Heap after GC invocations=20 (full 0):
 garbage-first heap   total 41984K, used 13447K [0x0000000702600000, 0x0000000800000000)
  region size 1024K, 2 young (2048K), 2 survivors (2048K)
 Metaspace       used 11345K, capacity 13600K, committed 13696K, reserved 1060864K
  class space    used 1287K, capacity 1601K, committed 1664K, reserved 1048576K
}
Event: 1.387 GC heap before
{Heap before GC invocations=20 (full 0):
 garbage-first heap   total 41984K, used 24711K [0x0000000702600000, 0x0000000800000000)
  region size 1024K, 13 young (13312K), 2 survivors (2048K)
 Metaspace       used 11564K, capacity 13806K, committed 13952K, reserved 1060864K
  class space    used 1293K, capacity 1603K, committed 1664K, reserved 1048576K
}
Event: 1.393 GC heap after
{Heap after GC invocations=21 (full 0):
 garbage-first heap   total 41984K, used 14033K [0x0000000702600000, 0x0000000800000000)
  region size 1024K, 1 young (1024K), 1 survivors (1024K)
 Metaspace       used 11564K, capacity 13806K, committed 13952K, reserved 1060864K
  class space    used 1293K, capacity 1603K, committed 1664K, reserved 1048576K
}
Event: 1.559 GC heap before
{Heap before GC invocations=21 (full 0):
 garbage-first heap   total 41984K, used 25297K [0x0000000702600000, 0x0000000800000000)
  region size 1024K, 12 young (12288K), 1 survivors (1024K)
 Metaspace       used 11656K, capacity 13875K, committed 13952K, reserved 1060864K
  class space    used 1293K, capacity 1603K, committed 1664K, reserved 1048576K
}

