# JRE version: Java(TM) SE Runtime Environment (13.0.2+8) (build 13.0.2+8)
# Java VM: Java HotSpot(TM) 64-Bit Server VM (13.0.2+8, mixed mode, sharing, tiered, compressed oops, g1 gc, windows-amd64)
Heap:
 garbage-first heap   total 38912K, used 14129K [0x0000000702600000, 0x0000000800000000)
  region size 1024K, 6 young (6144K), 2 survivors (2048K)
 Metaspace       used 10641K, capacity 13242K, committed 13440K, reserved 1060864K
  class space    used 1241K, capacity 1588K, committed 1664K, reserved 1048576K
GC Heap History (20 events):
Event: 0.528 GC heap before
{Heap before GC invocations=8 (full 0):
 garbage-first heap   total 10240K, used 5519K [0x0000000702600000, 0x0000000800000000)
  region size 1024K, 2 young (2048K), 1 survivors (1024K)
 Metaspace       used 8612K, capacity 11374K, committed 11648K, reserved 1058816K
  class space    used 1026K, capacity 1335K, committed 1408K, reserved 1048576K
}
Event: 0.529 GC heap after
{Heap after GC invocations=9 (full 0):
 garbage-first heap   total 14336K, used 4484K [0x0000000702600000, 0x0000000800000000)
  region size 1024K, 1 young (1024K), 1 survivors (1024K)
 Metaspace       used 8612K, capacity 11374K, committed 11648K, reserved 1058816K
  class space    used 1026K, capacity 1335K, committed 1408K, reserved 1048576K
}
Event: 0.569 GC heap before
{Heap before GC invocations=10 (full 0):
 garbage-first heap   total 14336K, used 6532K [0x0000000702600000, 0x0000000800000000)
  region size 1024K, 3 young (3072K), 1 survivors (1024K)
 Metaspace       used 8822K, capacity 11522K, committed 11648K, reserved 1058816K
  class space    used 1054K, capacity 1384K, committed 1408K, reserved 1048576K
}
Event: 0.571 GC heap after
{Heap after GC invocations=11 (full 0):
 garbage-first heap   total 14336K, used 4844K [0x0000000702600000, 0x0000000800000000)
  region size 1024K, 1 young (1024K), 1 survivors (1024K)
 Metaspace       used 8822K, capacity 11522K, committed 11648K, reserved 1058816K
  class space    used 1054K, capacity 1384K, committed 1408K, reserved 1048576K
}
Event: 0.580 GC heap before
{Heap before GC invocations=11 (full 0):
 garbage-first heap   total 14336K, used 6892K [0x0000000702600000, 0x0000000800000000)
  region size 1024K, 3 young (3072K), 1 survivors (1024K)
 Metaspace       used 8843K, capacity 11525K, committed 11648K, reserved 1058816K
  class space    used 1054K, capacity 1384K, committed 1408K, reserved 1048576K
}
Event: 0.582 GC heap after
{Heap after GC invocations=12 (full 0):
 garbage-first heap   total 14336K, used 5229K [0x0000000702600000, 0x0000000800000000)
  region size 1024K, 1 young (1024K), 1 survivors (1024K)
 Metaspace       used 8843K, capacity 11525K, committed 11648K, reserved 1058816K
  class space    used 1054K, capacity 1384K, committed 1408K, reserved 1048576K
}
Event: 0.589 GC heap before
{Heap before GC invocations=12 (full 0):
 garbage-first heap   total 14336K, used 7277K [0x0000000702600000, 0x0000000800000000)
  region size 1024K, 3 young (3072K), 1 survivors (1024K)
 Metaspace       used 8853K, capacity 11525K, committed 11648K, reserved 1058816K
  class space    used 1054K, capacity 1384K, committed 1408K, reserved 1048576K
}
Event: 0.591 GC heap after
{Heap after GC invocations=13 (full 0):
 garbage-first heap   total 14336K, used 5429K [0x0000000702600000, 0x0000000800000000)
  region size 1024K, 1 young (1024K), 1 survivors (1024K)
 Metaspace       used 8853K, capacity 11525K, committed 11648K, reserved 1058816K
  class space    used 1054K, capacity 1384K, committed 1408K, reserved 1048576K
}
Event: 0.605 GC heap before
{Heap before GC invocations=13 (full 0):
 garbage-first heap   total 14336K, used 7477K [0x0000000702600000, 0x0000000800000000)
  region size 1024K, 3 young (3072K), 1 survivors (1024K)
 Metaspace       used 8875K, capacity 11594K, committed 11648K, reserved 1058816K
  class space    used 1054K, capacity 1385K, committed 1408K, reserved 1048576K
}
Event: 0.607 GC heap after
{Heap after GC invocations=14 (full 0):
 garbage-first heap   total 19456K, used 5826K [0x0000000702600000, 0x0000000800000000)
  region size 1024K, 1 young (1024K), 1 survivors (1024K)
 Metaspace       used 8875K, capacity 11594K, committed 11648K, reserved 1058816K
  class space    used 1054K, capacity 1385K, committed 1408K, reserved 1048576K
}
Event: 0.621 GC heap before
{Heap before GC invocations=14 (full 0):
 garbage-first heap   total 19456K, used 8898K [0x0000000702600000, 0x0000000800000000)
  region size 1024K, 5 young (5120K), 1 survivors (1024K)
 Metaspace       used 8899K, capacity 11595K, committed 11648K, reserved 1058816K
  class space    used 1056K, capacity 1385K, committed 1408K, reserved 1048576K
}
Event: 0.624 GC heap after
{Heap after GC invocations=15 (full 0):
 garbage-first heap   total 19456K, used 6410K [0x0000000702600000, 0x0000000800000000)
  region size 1024K, 1 young (1024K), 1 survivors (1024K)
 Metaspace       used 8899K, capacity 11595K, committed 11648K, reserved 1058816K
  class space    used 1056K, capacity 1385K, committed 1408K, reserved 1048576K
}
Event: 0.662 GC heap before
{Heap before GC invocations=15 (full 0):
 garbage-first heap   total 19456K, used 10506K [0x0000000702600000, 0x0000000800000000)
  region size 1024K, 5 young (5120K), 1 survivors (1024K)
 Metaspace       used 9016K, capacity 11692K, committed 11904K, reserved 1060864K
  class space    used 1065K, capacity 1396K, committed 1408K, reserved 1048576K
}
Event: 0.666 GC heap after
{Heap after GC invocations=16 (full 0):
 garbage-first heap   total 19456K, used 7703K [0x0000000702600000, 0x0000000800000000)
  region size 1024K, 1 young (1024K), 1 survivors (1024K)
 Metaspace       used 9016K, capacity 11692K, committed 11904K, reserved 1060864K
  class space    used 1065K, capacity 1396K, committed 1408K, reserved 1048576K
}
Event: 0.718 GC heap before
{Heap before GC invocations=16 (full 0):
 garbage-first heap   total 19456K, used 10775K [0x0000000702600000, 0x0000000800000000)
  region size 1024K, 4 young (4096K), 1 survivors (1024K)
 Metaspace       used 9594K, capacity 12182K, committed 12288K, reserved 1060864K
  class space    used 1147K, capacity 1454K, committed 1536K, reserved 1048576K
}
Event: 0.722 GC heap after
{Heap after GC invocations=17 (full 0):
 garbage-first heap   total 19456K, used 8561K [0x0000000702600000, 0x0000000800000000)
  region size 1024K, 1 young (1024K), 1 survivors (1024K)
 Metaspace       used 9594K, capacity 12182K, committed 12288K, reserved 1060864K
  class space    used 1147K, capacity 1454K, committed 1536K, reserved 1048576K
}
Event: 0.729 GC heap before
{Heap before GC invocations=17 (full 0):
 garbage-first heap   total 19456K, used 11633K [0x0000000702600000, 0x0000000800000000)
  region size 1024K, 4 young (4096K), 1 survivors (1024K)
 Metaspace       used 9597K, capacity 12182K, committed 12288K, reserved 1060864K
  class space    used 1147K, capacity 1454K, committed 1536K, reserved 1048576K
}
Event: 0.732 GC heap after
{Heap after GC invocations=18 (full 0):
 garbage-first heap   total 38912K, used 8820K [0x0000000702600000, 0x0000000800000000)
  region size 1024K, 1 young (1024K), 1 survivors (1024K)
 Metaspace       used 9597K, capacity 12182K, committed 12288K, reserved 1060864K
  class space    used 1147K, capacity 1454K, committed 1536K, reserved 1048576K
}
Event: 0.890 GC heap before
{Heap before GC invocations=18 (full 0):
 garbage-first heap   total 38912K, used 19060K [0x0000000702600000, 0x0000000800000000)
  region size 1024K, 10 young (10240K), 1 survivors (1024K)
 Metaspace       used 10033K, capacity 12651K, committed 12800K, reserved 1060864K
  class space    used 1174K, capacity 1501K, committed 1536K, reserved 1048576K
}
Event: 0.896 GC heap after
{Heap after GC invocations=19 (full 0):
 garbage-first heap   total 38912K, used 11057K [0x0000000702600000, 0x0000000800000000)
  region size 1024K, 2 young (2048K), 2 survivors (2048K)
 Metaspace       used 10033K, capacity 12651K, committed 12800K, reserved 1060864K
  class space    used 1174K, capacity 1501K, committed 1536K, reserved 1048576K
}

